0 info it worked if it ends with ok
1 verbose cli [ 'D:\\Software\\nodejs\\node.exe',
1 verbose cli   'D:\\Software\\nodejs\\node_modules\\npm\\bin\\npm-cli.js',
1 verbose cli   'start' ]
2 info using npm@3.3.12
3 info using node@v5.1.0
4 verbose run-script [ 'prestart', 'start', 'poststart' ]
5 info lifecycle server@0.1.5~prestart: server@0.1.5
6 silly lifecycle server@0.1.5~prestart: no script for prestart, continuing
7 info lifecycle server@0.1.5~start: server@0.1.5
8 verbose lifecycle server@0.1.5~start: unsafe-perm in lifecycle true
9 verbose lifecycle server@0.1.5~start: PATH: D:\Software\nodejs\node_modules\npm\bin\node-gyp-bin;P:\Shared stuff\AppShower\appshower-server\node_modules\.bin;D:\Software\Python\Python35-32\Scripts\;D:\Software\Python\Python35-32\;C:\ProgramData\Oracle\Java\javapath;C:\Windows\system32;C:\Windows;C:\Windows\System32\Wbem;C:\Windows\System32\WindowsPowerShell\v1.0\;C:\Users\Tectonik\.dnx\bin;C:\Program Files\Microsoft DNX\Dnvm\;C:\ProgramData\chocolatey\bin;D:\Software\nodejs\;C:\Program Files\Microsoft SQL Server\120\Tools\Binn\;C:\Program Files (x86)\Windows Kits\10\Windows Performance Toolkit\;C:\Program Files (x86)\Microsoft Emulator Manager\1.0\;C:\Users\Tectonik\.dnx\bin;C:\Program Files\Microsoft DNX\Dnvm\;C:\Windows\SysWOW64\WindowsPowerShell\v1.0\Modules\TShell\TShell\;D:\Software\TortoiseGit\bin;C:\Program Files\Microsoft SQL Server\Client SDK\ODBC\110\Tools\Binn\;C:\Program Files (x86)\Microsoft SQL Server\120\Tools\Binn\;C:\Program Files\Microsoft SQL Server\120\DTS\Binn\;C:\Program Files (x86)\Microsoft SQL Server\120\Tools\Binn\ManagementStudio\;C:\Program Files (x86)\Microsoft SQL Server\120\DTS\Binn\;C:\Program Files (x86)\Skype\Phone\;C:\Program Files (x86)\NVIDIA Corporation\PhysX\Common;D:\Software\Heroku\bin;C:\Program Files (x86)\git\cmd;D:\Software\Git\cmd;D:\Software\Java\jdk1.8.0_66\bin;D:\Software\Java\jdk1.8.0_66;D:\Software\Microsoft VS Code\bin;C:\Users\Tectonik\AppData\Local\atom\bin;C:\Users\Tectonik\AppData\Roaming\npm
10 verbose lifecycle server@0.1.5~start: CWD: P:\Shared stuff\AppShower\appshower-server
11 silly lifecycle server@0.1.5~start: Args: [ '/d /s /c', 'node index.js' ]
12 silly lifecycle server@0.1.5~start: Returned: code: 1  signal: null
13 info lifecycle server@0.1.5~start: Failed to exec start script
14 verbose stack Error: server@0.1.5 start: `node index.js`
14 verbose stack Exit status 1
14 verbose stack     at EventEmitter.<anonymous> (D:\Software\nodejs\node_modules\npm\lib\utils\lifecycle.js:232:16)
14 verbose stack     at emitTwo (events.js:87:13)
14 verbose stack     at EventEmitter.emit (events.js:172:7)
14 verbose stack     at ChildProcess.<anonymous> (D:\Software\nodejs\node_modules\npm\lib\utils\spawn.js:24:14)
14 verbose stack     at emitTwo (events.js:87:13)
14 verbose stack     at ChildProcess.emit (events.js:172:7)
14 verbose stack     at maybeClose (internal/child_process.js:818:16)
14 verbose stack     at Process.ChildProcess._handle.onexit (internal/child_process.js:211:5)
15 verbose pkgid server@0.1.5
16 verbose cwd P:\Shared stuff\AppShower\appshower-server
17 error Windows_NT 10.0.10586
18 error argv "D:\\Software\\nodejs\\node.exe" "D:\\Software\\nodejs\\node_modules\\npm\\bin\\npm-cli.js" "start"
19 error node v5.1.0
20 error npm  v3.3.12
21 error code ELIFECYCLE
22 error server@0.1.5 start: `node index.js`
22 error Exit status 1
23 error Failed at the server@0.1.5 start script 'node index.js'.
23 error Make sure you have the latest version of node.js and npm installed.
23 error If you do, this is most likely a problem with the server package,
23 error not with npm itself.
23 error Tell the author that this fails on your system:
23 error     node index.js
23 error You can get their info via:
23 error     npm owner ls server
23 error There is likely additional logging output above.
24 verbose exit [ 1, true ]
